<?xml version="1.0" encoding="UTF-8"?>
<!-- Generated by org.testng.reporters.JUnitXMLReporter -->
<testsuite hostname="BIOMUML007" ignored="0" name="Default test" tests="12" failures="0" timestamp="2020-09-25T16:50:17 IST" time="162.832" errors="0">
  <testcase name="Login" time="25.2" classname="pages.Loginpage"/>
  <testcase name="Wait" time="5.015" classname="pages.Homepageafterlogin"/>
  <testcase name="HoveroverDressesandcclick" time="6.105" classname="pages.Homepageafterlogin"/>
  <testcase name="Changeviesmodetolist" time="0.288" classname="pages.Homepageafterlogin"/>
  <testcase name="Verifications" time="0.516" classname="pages.Homepageafterlogin"/>
  <testcase name="Quickview" time="17.548" classname="pages.Homepageafterlogin"/>
  <testcase name="share" time="22.824" classname="pages.Homepageafterlogin"/>
  <testcase name="SelectQnt" time="2.275" classname="pages.Homepageafterlogin"/>
  <testcase name="addtowhishlist" time="2.568" classname="pages.Homepageafterlogin"/>
  <testcase name="addtocart" time="5.689" classname="pages.Homepageafterlogin"/>
  <testcase name="checkout" time="51.419" classname="pages.Homepageafterlogin"/>
  <testcase name="viewmycustomeraccount" time="5.903" classname="pages.Homepageafterlogin"/>
</testsuite> <!-- Default test -->
